<?xml version='1.0' encoding='UTF-8'?>
<testsuites tests="10" failures="0" errors="1" skipped="0" time="0.0"><testsuite name="inference_server_monitoring" hostname="BRL06570.local" timestamp="1592498979" time="0" tests="0" failures="0" skipped="0" errors="0"/><testsuite name="downscale_workers" tests="1" errors="0" failures="0" skipped="0" time="0" hostname="BRL06570.local" timestamp="1592499057"><testcase name="scenario_0: ServerLocalClient/total_workers&amp;lt;2 for 1s"/></testsuite><testsuite name="upscale_workers" tests="1" errors="0" failures="0" skipped="0" time="0" hostname="BRL06570.local" timestamp="1592499121"><testcase name="scenario_0: ServerLocalClient/total_workers&amp;gt;4 for 1s"/></testsuite><testsuite name="inference_taurus_local_monitoring" hostname="BRL06570.local" timestamp="1592499194" time="0" tests="0" failures="0" skipped="0" errors="0"/><testsuite name="inference_taurus_local_monitoring_criteria" tests="4" errors="1" failures="0" skipped="0" time="0" hostname="BRL06570.local" timestamp="1592499266"><testcase name="scenario_0: fail of s2_fail &amp;gt;50%"/><testcase name="scenario_0: p90 of s2_p90 &amp;gt;250ms"/><testcase name="scenario_0: avg-rt of s2_avg_rt &amp;gt;1s"/><testcase name="scenario_0: ServerLocalClient/sum_workers_memory_rss&amp;gt;132000000 for 1s"><error message="Failed: ServerLocalClient/sum_workers_memory_rss&gt;132000000 for 1 sec" type="pass/fail criteria triggered"/>
    </testcase></testsuite><testsuite name="call_jmx" hostname="BRL06570.local" timestamp="1592499298" time="0" tests="0" failures="0" skipped="0" errors="0"/><testsuite name="inference_server_monitoring_criteria" tests="4" errors="0" failures="0" skipped="0" time="0" hostname="BRL06570.local" timestamp="1592499374"><testcase name="scenario_0: fail of s2_fail &amp;gt;50%"/><testcase name="scenario_0: p90 of s2_p90 &amp;gt;250ms"/><testcase name="scenario_0: avg-rt of s2_avg_rt &amp;gt;1s"/><testcase name="scenario_0: mms-inference-server/sum_workers_file_descriptors&amp;gt;80 for 1s"/></testsuite></testsuites>